<?xml version="1.0" encoding="UTF-8"?>
<!-- Generated by org.testng.reporters.JUnitXMLReporter -->
<testsuite ignored="0" hostname="Prabha" failures="0" tests="4" name="Surefire test" time="27.885" errors="0" timestamp="2025-09-01T00:15:42 IST">
  <testcase classname="tutorialsninja.register.RegisterFunctionality_TS_001" name="TC_RF_001" time="2.764"/>
  <testcase classname="tutorialsninja.register.RegisterFunctionality_TS_001" name="TC_RF_003" time="3.042"/>
  <testcase classname="tutorialsninja.register.RegisterFunctionality_TS_001" name="TC_RF_004" time="1.768"/>
  <testcase classname="tutorialsninja.register.RegisterFunctionality_TS_001" name="TC_RF_005" time="3.351"/>
</testsuite> <!-- Surefire test -->
