<?xml version="1.0" encoding="UTF-8"?>
<!-- Generated by org.testng.reporters.JUnitXMLReporter -->
<testsuite ignored="2" hostname="Prabha" failures="0" tests="1" name="Default test" time="5.214" errors="0" timestamp="2025-08-31T23:21:22 IST">
  <testcase classname="tutorialsninja.register.RegisterFunctionality_TS_001" name="TC_RF_004" time="1.209"/>
  <testcase classname="tutorialsninja.register.RegisterFunctionality_TS_001" name="TC_RF_003" time="0.0">
    <ignored/>
  </testcase> <!-- TC_RF_003 -->
  <testcase classname="tutorialsninja.register.RegisterFunctionality_TS_001" name="TC_RF_001" time="0.0">
    <ignored/>
  </testcase> <!-- TC_RF_001 -->
</testsuite> <!-- Default test -->
