<?xml version="1.0" encoding="UTF-8"?>
<testsuite xmlns:xsi="http://www.w3.org/2001/XMLSchema-instance" xsi:noNamespaceSchemaLocation="https://maven.apache.org/surefire/maven-surefire-plugin/xsd/surefire-test-report.xsd" version="3.0.1" name="tutorialsninja.register.RegisterFunctionality_TS_001" time="28.364" tests="4" errors="0" skipped="0" failures="0">
  <properties>
[...]
</properties>
  <testcase name="TC_RF_001" classname="tutorialsninja.register.RegisterFunctionality_TS_001" time="2.764">
    <system-out><![CDATA[Step 1: Browser launched and navigated to TutorialNinja homepage
Step 2: Navigated to Registration page
Step 3: Registration form filled successfully
Step 4: Clicked Continue to submit the form
Step 5: Account registered successfully - success message displayed
Validated presence of: Congratulations! Your new account has been successfully created!
Validated presence of: You can now take advantage of member privileges to enhance your online shopping experience with us.
Validated presence of: If you have ANY questions about the operation of this online shop, please e-mail the store owner.
Validated presence of: contact us
]]></system-out>
    <system-err><![CDATA[SLF4J(W): No SLF4J providers were found.
SLF4J(W): Defaulting to no-operation (NOP) logger implementation
SLF4J(W): See https://www.slf4j.org/codes.html#noProviders for further details.
]]></system-err>
  </testcase>
  <testcase name="TC_RF_003" classname="tutorialsninja.register.RegisterFunctionality_TS_001" time="3.041">
    <system-out><![CDATA[Step 6: Browser closed
Step 1: Browser launched and navigated to TutorialNinja homepage
Step 2: Navigated to Registration page
Step 3: Registration form filled successfully
Step 4: Clicked Continue to submit the form
Validated presence of: Congratulations! Your new account has been successfully created!
Validated presence of: You can now take advantage of member privileges to enhance your online shopping experience with us.
Validated presence of: If you have ANY questions about the operation of this online shop, please e-mail the store owner.
Validated presence of: contact us
]]></system-out>
  </testcase>
  <testcase name="TC_RF_004" classname="tutorialsninja.register.RegisterFunctionality_TS_001" time="1.768">
    <system-out><![CDATA[Step 6: Browser closed
Step 1: Browser launched and navigated to TutorialNinja homepage
Step 2: Navigated to Registration page
Step 3: Clicked 'Continue' to submit the form without entering any fields
Step 4: Validated all mandatory field warning messages
]]></system-out>
  </testcase>
  <testcase name="TC_RF_005" classname="tutorialsninja.register.RegisterFunctionality_TS_001" time="3.351">
    <system-out><![CDATA[Step 6: Browser closed
Step 1: Browser launched and navigated to TutorialNinja homepage
Step 2: Navigated to Registration page
Step 3: Registration form filled successfully
Step 4: Clicked Continue to submit the form
Validated presence of: Congratulations! Your new account has been successfully created!
Validated presence of: You can now take advantage of member privileges to enhance your online shopping experience with us.
Validated presence of: If you have ANY questions about the operation of this online shop, please e-mail the store owner.
Validated presence of: contact us
Step 6: Clicked on 'Subscribe to newsletter' option and validated 'Yes' is selected
]]></system-out>
  </testcase>
</testsuite>