<?xml version="1.0" encoding="UTF-8"?>
<testng-results ignored="2" total="3" passed="1" failed="0" skipped="0">
  <reporter-output>
  </reporter-output>
  <suite started-at="2025-08-31T20:40:01 IST" name="Surefire suite" finished-at="2025-08-31T20:40:08 IST" duration-ms="6584">
    <groups>
    </groups>
    <test started-at="2025-08-31T20:40:01 IST" name="Surefire test" finished-at="2025-08-31T20:40:08 IST" duration-ms="6584">
      <class name="tutorialsninja.register.RegisterFunctionality_TS_001">
        <test-method is-config="true" signature="setUp()[pri:0, instance:tutorialsninja.register.RegisterFunctionality_TS_001@36c88a32]" started-at="2025-08-31T20:40:01 IST" name="setUp" finished-at="2025-08-31T20:40:06 IST" duration-ms="4679" status="PASS">
          <reporter-output>
          </reporter-output>
        </test-method> <!-- setUp -->
        <test-method signature="TC_RF_004()[pri:0, instance:tutorialsninja.register.RegisterFunctionality_TS_001@36c88a32]" started-at="2025-08-31T20:40:06 IST" name="TC_RF_004" description="Verify proper notification messages are displayed for the mandatory fields, when you don&#039;t provide any fields in the &#039;Register Account&#039; page and submit" finished-at="2025-08-31T20:40:07 IST" duration-ms="1651" status="PASS">
          <reporter-output>
          </reporter-output>
        </test-method> <!-- TC_RF_004 -->
        <test-method is-config="true" signature="tearDown()[pri:0, instance:tutorialsninja.register.RegisterFunctionality_TS_001@36c88a32]" started-at="2025-08-31T20:40:07 IST" name="tearDown" finished-at="2025-08-31T20:40:08 IST" duration-ms="214" status="PASS">
          <reporter-output>
          </reporter-output>
        </test-method> <!-- tearDown -->
      </class> <!-- tutorialsninja.register.RegisterFunctionality_TS_001 -->
    </test> <!-- Surefire test -->
  </suite> <!-- Surefire suite -->
</testng-results>
