<?xml version="1.0" encoding="UTF-8"?>
<testng-results ignored="2" total="3" passed="1" failed="0" skipped="0">
  <reporter-output>
  </reporter-output>
  <suite started-at="2025-08-31T23:21:17 IST" name="Default suite" finished-at="2025-08-31T23:21:22 IST" duration-ms="5214">
    <groups>
    </groups>
    <test started-at="2025-08-31T23:21:17 IST" name="Default test" finished-at="2025-08-31T23:21:22 IST" duration-ms="5214">
      <class name="tutorialsninja.register.RegisterFunctionality_TS_001">
        <test-method is-config="true" signature="setUp()[pri:0, instance:tutorialsninja.register.RegisterFunctionality_TS_001@7486b455]" started-at="2025-08-31T23:21:17 IST" name="setUp" finished-at="2025-08-31T23:21:21 IST" duration-ms="3748" status="PASS">
          <reporter-output>
          </reporter-output>
        </test-method> <!-- setUp -->
        <test-method signature="TC_RF_004()[pri:0, instance:tutorialsninja.register.RegisterFunctionality_TS_001@7486b455]" started-at="2025-08-31T23:21:21 IST" name="TC_RF_004" description="Verify proper notification messages are displayed for the mandatory fields, when you don&#039;t provide any fields in the &#039;Register Account&#039; page and submit" finished-at="2025-08-31T23:21:22 IST" duration-ms="1209" status="PASS">
          <reporter-output>
          </reporter-output>
        </test-method> <!-- TC_RF_004 -->
        <test-method is-config="true" signature="tearDown()[pri:0, instance:tutorialsninja.register.RegisterFunctionality_TS_001@7486b455]" started-at="2025-08-31T23:21:22 IST" name="tearDown" finished-at="2025-08-31T23:21:22 IST" duration-ms="204" status="PASS">
          <reporter-output>
          </reporter-output>
        </test-method> <!-- tearDown -->
      </class> <!-- tutorialsninja.register.RegisterFunctionality_TS_001 -->
    </test> <!-- Default test -->
  </suite> <!-- Default suite -->
</testng-results>
